CRITICAL - 2023-03-29 23:06:44 --> Invalid file: "holamundo2.php"
in SYSTEMPATH\Exceptions\FrameworkException.php on line 33.
 1 SYSTEMPATH\View\View.php(201): CodeIgniter\Exceptions\FrameworkException::forInvalidFile('holamundo2.php')
 2 SYSTEMPATH\Common.php(1184): CodeIgniter\View\View->render('holamundo2', [], true)
 3 APPPATH\Controllers\holamundo.php(9): view('holamundo2')
 4 SYSTEMPATH\CodeIgniter.php(934): App\Controllers\holamundo->index()
 5 SYSTEMPATH\CodeIgniter.php(499): CodeIgniter\CodeIgniter->runController(Object(App\Controllers\holamundo))
 6 SYSTEMPATH\CodeIgniter.php(368): CodeIgniter\CodeIgniter->handleRequest(null, Object(Config\Cache), false)
 7 FCPATH\index.php(67): CodeIgniter\CodeIgniter->run()
CRITICAL - 2023-03-29 23:07:47 --> Invalid file: "holamundo2.php"
in SYSTEMPATH\Exceptions\FrameworkException.php on line 33.
 1 SYSTEMPATH\View\View.php(201): CodeIgniter\Exceptions\FrameworkException::forInvalidFile('holamundo2.php')
 2 SYSTEMPATH\Common.php(1184): CodeIgniter\View\View->render('holamundo2', [], true)
 3 APPPATH\Controllers\holamundo.php(9): view('holamundo2')
 4 SYSTEMPATH\CodeIgniter.php(934): App\Controllers\holamundo->index()
 5 SYSTEMPATH\CodeIgniter.php(499): CodeIgniter\CodeIgniter->runController(Object(App\Controllers\holamundo))
 6 SYSTEMPATH\CodeIgniter.php(368): CodeIgniter\CodeIgniter->handleRequest(null, Object(Config\Cache), false)
 7 FCPATH\index.php(67): CodeIgniter\CodeIgniter->run()
CRITICAL - 2023-03-29 23:08:26 --> Invalid file: "holamundo2.php"
in SYSTEMPATH\Exceptions\FrameworkException.php on line 33.
 1 SYSTEMPATH\View\View.php(201): CodeIgniter\Exceptions\FrameworkException::forInvalidFile('holamundo2.php')
 2 SYSTEMPATH\Common.php(1184): CodeIgniter\View\View->render('holamundo2', [], true)
 3 APPPATH\Controllers\holamundo.php(9): view('holamundo2')
 4 SYSTEMPATH\CodeIgniter.php(934): App\Controllers\holamundo->index()
 5 SYSTEMPATH\CodeIgniter.php(499): CodeIgniter\CodeIgniter->runController(Object(App\Controllers\holamundo))
 6 SYSTEMPATH\CodeIgniter.php(368): CodeIgniter\CodeIgniter->handleRequest(null, Object(Config\Cache), false)
 7 FCPATH\index.php(67): CodeIgniter\CodeIgniter->run()
CRITICAL - 2023-03-29 23:08:28 --> Invalid file: "holamundo2.php"
in SYSTEMPATH\Exceptions\FrameworkException.php on line 33.
 1 SYSTEMPATH\View\View.php(201): CodeIgniter\Exceptions\FrameworkException::forInvalidFile('holamundo2.php')
 2 SYSTEMPATH\Common.php(1184): CodeIgniter\View\View->render('holamundo2', [], true)
 3 APPPATH\Controllers\holamundo.php(9): view('holamundo2')
 4 SYSTEMPATH\CodeIgniter.php(934): App\Controllers\holamundo->index()
 5 SYSTEMPATH\CodeIgniter.php(499): CodeIgniter\CodeIgniter->runController(Object(App\Controllers\holamundo))
 6 SYSTEMPATH\CodeIgniter.php(368): CodeIgniter\CodeIgniter->handleRequest(null, Object(Config\Cache), false)
 7 FCPATH\index.php(67): CodeIgniter\CodeIgniter->run()
CRITICAL - 2023-03-29 23:14:25 --> Invalid file: "register.html"
in SYSTEMPATH\Exceptions\FrameworkException.php on line 33.
 1 SYSTEMPATH\View\View.php(201): CodeIgniter\Exceptions\FrameworkException::forInvalidFile('register.html')
 2 SYSTEMPATH\Common.php(1184): CodeIgniter\View\View->render('register.html', [], true)
 3 APPPATH\Controllers\register.php(9): view('register.html')
 4 SYSTEMPATH\CodeIgniter.php(934): App\Controllers\register->index()
 5 SYSTEMPATH\CodeIgniter.php(499): CodeIgniter\CodeIgniter->runController(Object(App\Controllers\register))
 6 SYSTEMPATH\CodeIgniter.php(368): CodeIgniter\CodeIgniter->handleRequest(null, Object(Config\Cache), false)
 7 FCPATH\index.php(67): CodeIgniter\CodeIgniter->run()
CRITICAL - 2023-03-29 23:15:33 --> Invalid file: "register.html"
in SYSTEMPATH\Exceptions\FrameworkException.php on line 33.
 1 SYSTEMPATH\View\View.php(201): CodeIgniter\Exceptions\FrameworkException::forInvalidFile('register.html')
 2 SYSTEMPATH\Common.php(1184): CodeIgniter\View\View->render('register.html', [], true)
 3 APPPATH\Controllers\register.php(9): view('register.html')
 4 SYSTEMPATH\CodeIgniter.php(934): App\Controllers\register->index()
 5 SYSTEMPATH\CodeIgniter.php(499): CodeIgniter\CodeIgniter->runController(Object(App\Controllers\register))
 6 SYSTEMPATH\CodeIgniter.php(368): CodeIgniter\CodeIgniter->handleRequest(null, Object(Config\Cache), false)
 7 FCPATH\index.php(67): CodeIgniter\CodeIgniter->run()
CRITICAL - 2023-03-29 23:40:35 --> syntax error, unexpected token ">", expecting end of file
in APPPATH\Views\index.html on line 50.
 1 SYSTEMPATH\View\View.php(216): CodeIgniter\View\View->CodeIgniter\View\{closure}()
 2 SYSTEMPATH\Common.php(1184): CodeIgniter\View\View->render('index.html', [], true)
 3 APPPATH\Controllers\sesion.php(9): view('index.html')
 4 SYSTEMPATH\CodeIgniter.php(934): App\Controllers\sesion->index()
 5 SYSTEMPATH\CodeIgniter.php(499): CodeIgniter\CodeIgniter->runController(Object(App\Controllers\sesion))
 6 SYSTEMPATH\CodeIgniter.php(368): CodeIgniter\CodeIgniter->handleRequest(null, Object(Config\Cache), false)
 7 FCPATH\index.php(67): CodeIgniter\CodeIgniter->run()
CRITICAL - 2023-03-29 23:41:02 --> syntax error, unexpected identifier "campo"
in APPPATH\Views\index.html on line 52.
 1 SYSTEMPATH\View\View.php(216): CodeIgniter\View\View->CodeIgniter\View\{closure}()
 2 SYSTEMPATH\Common.php(1184): CodeIgniter\View\View->render('index.html', [], true)
 3 APPPATH\Controllers\sesion.php(9): view('index.html')
 4 SYSTEMPATH\CodeIgniter.php(934): App\Controllers\sesion->index()
 5 SYSTEMPATH\CodeIgniter.php(499): CodeIgniter\CodeIgniter->runController(Object(App\Controllers\sesion))
 6 SYSTEMPATH\CodeIgniter.php(368): CodeIgniter\CodeIgniter->handleRequest(null, Object(Config\Cache), false)
 7 FCPATH\index.php(67): CodeIgniter\CodeIgniter->run()
CRITICAL - 2023-03-29 23:42:05 --> syntax error, unexpected identifier "campo"
in APPPATH\Views\index.html on line 52.
 1 SYSTEMPATH\View\View.php(216): CodeIgniter\View\View->CodeIgniter\View\{closure}()
 2 SYSTEMPATH\Common.php(1184): CodeIgniter\View\View->render('index.html', [], true)
 3 APPPATH\Controllers\sesion.php(9): view('index.html')
 4 SYSTEMPATH\CodeIgniter.php(934): App\Controllers\sesion->index()
 5 SYSTEMPATH\CodeIgniter.php(499): CodeIgniter\CodeIgniter->runController(Object(App\Controllers\sesion))
 6 SYSTEMPATH\CodeIgniter.php(368): CodeIgniter\CodeIgniter->handleRequest(null, Object(Config\Cache), false)
 7 FCPATH\index.php(67): CodeIgniter\CodeIgniter->run()
